# JRE version: OpenJDK Runtime Environment (7.0_111-b01) (build 1.7.0_111-b01)
# Java VM: OpenJDK 64-Bit Server VM (24.111-b01 mixed mode linux-amd64 compressed oops)
Heap
 def new generation   total 361216K, used 152627K [0x0000000775a00000, 0x000000078e1f0000, 0x00000007a04a0000)
  eden space 321088K,  47% used [0x0000000775a00000, 0x000000077ef0ccc0, 0x0000000789390000)
  from space 40128K,   0% used [0x000000078bac0000, 0x000000078bac0000, 0x000000078e1f0000)
  to   space 40128K,   0% used [0x0000000789390000, 0x0000000789390000, 0x000000078bac0000)
 tenured generation   total 802628K, used 802627K [0x00000007a04a0000, 0x00000007d1471000, 0x00000007f5a00000)
   the space 802628K,  99% used [0x00000007a04a0000, 0x00000007d1470ff8, 0x00000007d1471000, 0x00000007d1471000)
 compacting perm gen  total 21248K, used 5077K [0x00000007f5a00000, 0x00000007f6ec0000, 0x0000000800000000)
   the space 21248K,  23% used [0x00000007f5a00000, 0x00000007f5ef5490, 0x00000007f5ef5600, 0x00000007f6ec0000)
GC Heap History (10 events):
Event: 8.653 GC heap after
Heap after GC invocations=14 (full 4):
 def new generation   total 131328K, used 3537K [0x0000000775a00000, 0x000000077e870000, 0x00000007a04a0000)
  eden space 116800K,   3% used [0x0000000775a00000, 0x0000000775d74560, 0x000000077cc10000)
  from space 14528K,   0% used [0x000000077cc10000, 0x000000077cc10000, 0x000000077da40000)
  to   space 14528K,   0% used [0x000000077da40000, 0x000000077da40000, 0x000000077e870000)
 tenured generation   total 291680K, used 175008K [0x00000007a04a0000, 0x00000007b2178000, 0x00000007f5a00000)
   the space 291680K,  60% used [0x00000007a04a0000, 0x00000007aaf88000, 0x00000007aaf88000, 0x00000007b2178000)
 compacting perm gen  total 21248K, used 4931K [0x00000007f5a00000, 0x00000007f6ec0000, 0x0000000800000000)
   the space 21248K,  23% used [0x00000007f5a00000, 0x00000007f5ed0d50, 0x00000007f5ed0e00, 0x00000007f6ec0000)
No shared spaces configured.
}
Event: 9.680 GC heap before
{Heap before GC invocations=14 (full 4):
 def new generation   total 131328K, used 116800K [0x0000000775a00000, 0x000000077e870000, 0x00000007a04a0000)
  eden space 116800K, 100% used [0x0000000775a00000, 0x000000077cc10000, 0x000000077cc10000)
  from space 14528K,   0% used [0x000000077cc10000, 0x000000077cc10000, 0x000000077da40000)
  to   space 14528K,   0% used [0x000000077da40000, 0x000000077da40000, 0x000000077e870000)
 tenured generation   total 291680K, used 175008K [0x00000007a04a0000, 0x00000007b2178000, 0x00000007f5a00000)
   the space 291680K,  60% used [0x00000007a04a0000, 0x00000007aaf88000, 0x00000007aaf88000, 0x00000007b2178000)
 compacting perm gen  total 21248K, used 4942K [0x00000007f5a00000, 0x00000007f6ec0000, 0x0000000800000000)
   the space 21248K,  23% used [0x00000007f5a00000, 0x00000007f5ed3a18, 0x00000007f5ed3c00, 0x00000007f6ec0000)
No shared spaces configured.
Event: 9.914 GC heap after
Heap after GC invocations=15 (full 4):
 def new generation   total 131328K, used 14528K [0x0000000775a00000, 0x000000077e870000, 0x00000007a04a0000)
  eden space 116800K,   0% used [0x0000000775a00000, 0x0000000775a00000, 0x000000077cc10000)
  from space 14528K, 100% used [0x000000077da40000, 0x000000077e870000, 0x000000077e870000)
  to   space 14528K,   0% used [0x000000077cc10000, 0x000000077cc10000, 0x000000077da40000)
 tenured generation   total 291680K, used 247968K [0x00000007a04a0000, 0x00000007b2178000, 0x00000007f5a00000)
   the space 291680K,  85% used [0x00000007a04a0000, 0x00000007af6c8088, 0x00000007af6c8200, 0x00000007b2178000)
 compacting perm gen  total 21248K, used 4942K [0x00000007f5a00000, 0x00000007f6ec0000, 0x0000000800000000)
   the space 21248K,  23% used [0x00000007f5a00000, 0x00000007f5ed3a18, 0x00000007f5ed3c00, 0x00000007f6ec0000)
No shared spaces configured.
}
Event: 11.152 GC heap before
{Heap before GC invocations=15 (full 4):
 def new generation   total 131328K, used 131328K [0x0000000775a00000, 0x000000077e870000, 0x00000007a04a0000)
  eden space 116800K, 100% used [0x0000000775a00000, 0x000000077cc10000, 0x000000077cc10000)
  from space 14528K, 100% used [0x000000077da40000, 0x000000077e870000, 0x000000077e870000)
  to   space 14528K,   0% used [0x000000077cc10000, 0x000000077cc10000, 0x000000077da40000)
 tenured generation   total 291680K, used 247968K [0x00000007a04a0000, 0x00000007b2178000, 0x00000007f5a00000)
   the space 291680K,  85% used [0x00000007a04a0000, 0x00000007af6c8088, 0x00000007af6c8200, 0x00000007b2178000)
 compacting perm gen  total 21248K, used 4942K [0x00000007f5a00000, 0x00000007f6ec0000, 0x0000000800000000)
   the space 21248K,  23% used [0x00000007f5a00000, 0x00000007f5ed3a18, 0x00000007f5ed3c00, 0x00000007f6ec0000)
No shared spaces configured.
Event: 11.824 GC heap after
Heap after GC invocations=16 (full 5):
 def new generation   total 273600K, used 14527K [0x0000000775a00000, 0x00000007882e0000, 0x00000007a04a0000)
  eden space 243200K,   5% used [0x0000000775a00000, 0x000000077682ffe8, 0x0000000784780000)
  from space 30400K,   0% used [0x0000000784780000, 0x0000000784780000, 0x0000000786530000)
  to   space 30400K,   0% used [0x0000000786530000, 0x0000000786530000, 0x00000007882e0000)
 tenured generation   total 607944K, used 364765K [0x00000007a04a0000, 0x00000007c5652000, 0x00000007f5a00000)
   the space 607944K,  59% used [0x00000007a04a0000, 0x00000007b68d7718, 0x00000007b68d7800, 0x00000007c5652000)
 compacting perm gen  total 21248K, used 4942K [0x00000007f5a00000, 0x00000007f6ec0000, 0x0000000800000000)
   the space 21248K,  23% used [0x00000007f5a00000, 0x00000007f5ed3a18, 0x00000007f5ed3c00, 0x00000007f6ec0000)
No shared spaces configured.
}
Event: 31.778 GC heap before
{Heap before GC invocations=16 (full 5):
 def new generation   total 273600K, used 181584K [0x0000000775a00000, 0x00000007882e0000, 0x00000007a04a0000)
  eden space 243200K,  74% used [0x0000000775a00000, 0x0000000780b54240, 0x0000000784780000)
  from space 30400K,   0% used [0x0000000784780000, 0x0000000784780000, 0x0000000786530000)
  to   space 30400K,   0% used [0x0000000786530000, 0x0000000786530000, 0x00000007882e0000)
 tenured generation   total 607944K, used 364765K [0x00000007a04a0000, 0x00000007c5652000, 0x00000007f5a00000)
   the space 607944K,  59% used [0x00000007a04a0000, 0x00000007b68d7718, 0x00000007b68d7800, 0x00000007c5652000)
 compacting perm gen  total 21248K, used 5070K [0x00000007f5a00000, 0x00000007f6ec0000, 0x0000000800000000)
   the space 21248K,  23% used [0x00000007f5a00000, 0x00000007f5ef3b98, 0x00000007f5ef3c00, 0x00000007f6ec0000)
No shared spaces configured.
Event: 32.582 GC heap after
Heap after GC invocations=17 (full 6):
 def new generation   total 361216K, used 0K [0x0000000775a00000, 0x000000078e1f0000, 0x00000007a04a0000)
  eden space 321088K,   0% used [0x0000000775a00000, 0x0000000775a00000, 0x0000000789390000)
  from space 40128K,   0% used [0x0000000789390000, 0x0000000789390000, 0x000000078bac0000)
  to   space 40128K,   0% used [0x000000078bac0000, 0x000000078bac0000, 0x000000078e1f0000)
 tenured generation   total 802628K, used 481576K [0x00000007a04a0000, 0x00000007d1471000, 0x00000007f5a00000)
   the space 802628K,  59% used [0x00000007a04a0000, 0x00000007bdaea1c8, 0x00000007bdaea200, 0x00000007d1471000)
 compacting perm gen  total 21248K, used 5070K [0x00000007f5a00000, 0x00000007f6ec0000, 0x0000000800000000)
   the space 21248K,  23% used [0x00000007f5a00000, 0x00000007f5ef3b98, 0x00000007f5ef3c00, 0x00000007f6ec0000)
No shared spaces configured.
}
Event: 649.785 GC heap before
{Heap before GC invocations=17 (full 6):
 def new generation   total 361216K, used 321088K [0x0000000775a00000, 0x000000078e1f0000, 0x00000007a04a0000)
  eden space 321088K, 100% used [0x0000000775a00000, 0x0000000789390000, 0x0000000789390000)
  from space 40128K,   0% used [0x0000000789390000, 0x0000000789390000, 0x000000078bac0000)
  to   space 40128K,   0% used [0x000000078bac0000, 0x000000078bac0000, 0x000000078e1f0000)
 tenured generation   total 802628K, used 481576K [0x00000007a04a0000, 0x00000007d1471000, 0x00000007f5a00000)
   the space 802628K,  59% used [0x00000007a04a0000, 0x00000007bdaea1c8, 0x00000007bdaea200, 0x00000007d1471000)
 compacting perm gen  total 21248K, used 5073K [0x00000007f5a00000, 0x00000007f6ec0000, 0x0000000800000000)
   the space 21248K,  23% used [0x00000007f5a00000, 0x00000007f5ef4428, 0x00000007f5ef4600, 0x00000007f6ec0000)
No shared spaces configured.
Event: 650.452 GC heap after
Heap after GC invocations=18 (full 6):
 def new generation   total 361216K, used 40128K [0x0000000775a00000, 0x000000078e1f0000, 0x00000007a04a0000)
  eden space 321088K,   0% used [0x0000000775a00000, 0x0000000775a00000, 0x0000000789390000)
  from space 40128K, 100% used [0x000000078bac0000, 0x000000078e1f0000, 0x000000078e1f0000)
  to   space 40128K,   0% used [0x0000000789390000, 0x0000000789390000, 0x000000078bac0000)
 tenured generation   total 802628K, used 690064K [0x00000007a04a0000, 0x00000007d1471000, 0x00000007f5a00000)
   the space 802628K,  85% used [0x00000007a04a0000, 0x00000007ca684088, 0x00000007ca684200, 0x00000007d1471000)
 compacting perm gen  total 21248K, used 5073K [0x00000007f5a00000, 0x00000007f6ec0000, 0x0000000800000000)
   the space 21248K,  23% used [0x00000007f5a00000, 0x00000007f5ef4428, 0x00000007f5ef4600, 0x00000007f6ec0000)
No shared spaces configured.
}
Event: 658.044 GC heap before
{Heap before GC invocations=18 (full 6):
 def new generation   total 361216K, used 347377K [0x0000000775a00000, 0x000000078e1f0000, 0x00000007a04a0000)
  eden space 321088K,  95% used [0x0000000775a00000, 0x000000078860c610, 0x0000000789390000)
  from space 40128K, 100% used [0x000000078bac0000, 0x000000078e1f0000, 0x000000078e1f0000)
  to   space 40128K,   0% used [0x0000000789390000, 0x0000000789390000, 0x000000078bac0000)
 tenured generation   total 802628K, used 690064K [0x00000007a04a0000, 0x00000007d1471000, 0x00000007f5a00000)
   the space 802628K,  85% used [0x00000007a04a0000, 0x00000007ca684088, 0x00000007ca684200, 0x00000007d1471000)
 compacting perm gen  total 21248K, used 5077K [0x00000007f5a00000, 0x00000007f6ec0000, 0x0000000800000000)
   the space 21248K,  23% used [0x00000007f5a00000, 0x00000007f5ef5490, 0x00000007f5ef5600, 0x00000007f6ec0000)
No shared spaces configured.

